[10:56:45] [main/INFO]: Loading Minecraft 1.20.1 with Fabric Loader 0.16.3
[10:56:45] [main/INFO]: Loading 4 mods:
	- fabricloader 0.16.3
	   \-- mixinextras 0.4.1
	- java 17
	- minecraft 1.20.1
[10:56:45] [main/INFO]: SpongePowered MIXIN Subsystem Version=0.8.7 Source=file:/workspaces/ClownlandsIII/servidor_minecraft/libraries/net/fabricmc/sponge-mixin/0.15.2+mixin.0.8.7/sponge-mixin-0.15.2+mixin.0.8.7.jar Service=Knot/Fabric Env=SERVER
[10:56:50] [main/INFO]: Environment: authHost='https://authserver.mojang.com', accountsHost='https://api.mojang.com', sessionHost='https://sessionserver.mojang.com', servicesHost='https://api.minecraftservices.com', name='PROD'
[10:56:52] [main/INFO]: Loaded 7 recipes
[10:56:52] [main/INFO]: Loaded 1271 advancements
[10:56:52] [Server thread/INFO]: Starting minecraft server version 1.20.1
[10:56:52] [Server thread/INFO]: Loading properties
[10:56:52] [Server thread/INFO]: Default game type: SURVIVAL
[10:56:52] [Server thread/INFO]: Generating keypair
[10:56:52] [Server thread/INFO]: Starting Minecraft server on *:25565
[10:56:52] [Server thread/INFO]: Using epoll channel type
[10:56:53] [Server thread/WARN]: **** SERVER IS RUNNING IN OFFLINE/INSECURE MODE!
[10:56:53] [Server thread/WARN]: The server will make no attempt to authenticate usernames. Beware.
[10:56:53] [Server thread/WARN]: While this makes the game possible to play without internet access, it also opens up the ability for hackers to connect with any username they choose.
[10:56:53] [Server thread/WARN]: To change this, set "online-mode" to "true" in the server.properties file.
[10:56:53] [Server thread/INFO]: Preparing level "world"
[10:56:58] [Server thread/INFO]: Preparing start region for dimension minecraft:overworld
[10:56:59] [Worker-Main-1/INFO]: Preparing spawn area: 0%
[10:56:59] [Worker-Main-1/INFO]: Preparing spawn area: 0%
[10:57:00] [Worker-Main-3/INFO]: Preparing spawn area: 0%
[10:57:00] [Worker-Main-2/INFO]: Preparing spawn area: 0%
[10:57:01] [Worker-Main-2/INFO]: Preparing spawn area: 0%
[10:57:01] [Worker-Main-1/INFO]: Preparing spawn area: 0%
[10:57:01] [Worker-Main-3/INFO]: Preparing spawn area: 1%
[10:57:02] [Worker-Main-3/INFO]: Preparing spawn area: 2%
[10:57:02] [Worker-Main-1/INFO]: Preparing spawn area: 2%
[10:57:03] [Worker-Main-1/INFO]: Preparing spawn area: 4%
[10:57:04] [Worker-Main-3/INFO]: Preparing spawn area: 5%
[10:57:04] [Worker-Main-3/INFO]: Preparing spawn area: 6%
[10:57:05] [Worker-Main-2/INFO]: Preparing spawn area: 7%
[10:57:05] [Worker-Main-2/INFO]: Preparing spawn area: 9%
[10:57:05] [Worker-Main-2/INFO]: Preparing spawn area: 10%
[10:57:06] [Worker-Main-1/INFO]: Preparing spawn area: 12%
[10:57:07] [Worker-Main-2/INFO]: Preparing spawn area: 15%
[10:57:07] [Worker-Main-3/INFO]: Preparing spawn area: 16%
[10:57:07] [Worker-Main-1/INFO]: Preparing spawn area: 17%
[10:57:08] [Worker-Main-1/INFO]: Preparing spawn area: 19%
[10:57:08] [Worker-Main-3/INFO]: Preparing spawn area: 22%
[10:57:09] [Worker-Main-1/INFO]: Preparing spawn area: 24%
[10:57:09] [Worker-Main-2/INFO]: Preparing spawn area: 26%
[10:57:10] [Worker-Main-3/INFO]: Preparing spawn area: 27%
[10:57:10] [Worker-Main-1/INFO]: Preparing spawn area: 30%
[10:57:11] [Worker-Main-1/INFO]: Preparing spawn area: 32%
[10:57:11] [Worker-Main-2/INFO]: Preparing spawn area: 34%
[10:57:12] [Worker-Main-1/INFO]: Preparing spawn area: 36%
[10:57:12] [Worker-Main-2/INFO]: Preparing spawn area: 39%
[10:57:13] [Worker-Main-1/INFO]: Preparing spawn area: 42%
[10:57:13] [Worker-Main-3/INFO]: Preparing spawn area: 43%
[10:57:14] [Worker-Main-1/INFO]: Preparing spawn area: 46%
[10:57:14] [Worker-Main-2/INFO]: Preparing spawn area: 48%
[10:57:15] [Worker-Main-3/INFO]: Preparing spawn area: 51%
[10:57:15] [Worker-Main-3/INFO]: Preparing spawn area: 54%
[10:57:16] [Worker-Main-3/INFO]: Preparing spawn area: 56%
[10:57:16] [Worker-Main-1/INFO]: Preparing spawn area: 58%
[10:57:17] [Worker-Main-2/INFO]: Preparing spawn area: 62%
[10:57:17] [Worker-Main-3/INFO]: Preparing spawn area: 65%
[10:57:18] [Worker-Main-1/INFO]: Preparing spawn area: 68%
[10:57:18] [Worker-Main-3/INFO]: Preparing spawn area: 70%
[10:57:19] [Worker-Main-2/INFO]: Preparing spawn area: 73%
[10:57:19] [Worker-Main-2/INFO]: Preparing spawn area: 76%
[10:57:20] [Worker-Main-1/INFO]: Preparing spawn area: 80%
[10:57:20] [Worker-Main-3/INFO]: Preparing spawn area: 83%
[10:57:21] [Worker-Main-1/INFO]: Preparing spawn area: 86%
[10:57:22] [Worker-Main-1/INFO]: Preparing spawn area: 88%
[10:57:22] [Worker-Main-3/INFO]: Preparing spawn area: 92%
[10:57:22] [Worker-Main-1/INFO]: Preparing spawn area: 95%
[10:57:23] [Worker-Main-3/INFO]: Preparing spawn area: 99%
[10:57:23] [Server thread/INFO]: Time elapsed: 24530 ms
[10:57:23] [Server thread/INFO]: Done (30.479s)! For help, type "help"
[10:57:23] [Server thread/INFO]: Unknown or incomplete command, see below for error
[10:57:23] [Server thread/INFO]: home/codespace/.python/current/bin/python /workspaces/ClownlandsIII/msx.py<--[HERE]
[11:02:03] [Server thread/INFO]: Gianfrii[/127.67.112.165:48851] logged in with entity id 201 at (5.5, 74.0, -5.5)
[11:02:03] [Server thread/INFO]: Gianfrii joined the game
